115 781
66 697
65 104
63 140
68 009
75 735
85 272
90 453
97 556
105 221
113 096
120 500
132 744
135 648
142 712
150 687
157 430
164 634
172 348
179 643
199 521
196 104
203 178
209 881
217 856
228 545
233 155
225 580
249 336
256 349
445 389
288 329
281 056
286 977
296 515
302 767
323 947
317 234
324 619
331 993
338 846
346 640
556 621
372 800
405 623
392 618
384 714
548 014
508 279
555 969
539 599
566 510
541 281
551 331
548 766
458 845
469 204
469 174
484 043
484 042
491 777
508 409
515 413
540 059
580 336
532 815
560 138
569 305
556 932
611 225
592 910
565 518
789 435
633 538
627 746
573 133
614 772
620 172
630 181
657 653
634 971
653 065
700 115
666 590
689 925
681 449
729 931
703 711
732 296
714 973
716 025
735 181
731 374
924 863
897 841
772 353
783 634
769 106
777 882
796 247
815 825
822 418
843 217
814 914
821 536
783 353
809 383
869 538
852 375
858 437
875 189
873 765
876 681
850 151
911 126
879 517
856 984
919 733
927 288
937 697
904 845
895 036
902 080
914 322
918 010
936 916
936 505
936 606
1 009 604
1 008 512
1 019 534
1 091 010
972 814
980 068
983 785
1 002 200
1 002 982
1 033 089
1 011 288
1 399 157
1 522 402
1 124 153
1 103 463
1 263 088
1 398 105
1 217 671
1 175 721
1 141 456
1 207 642
1 161 694
1 202 562
1 156 244
1 112 962
1 117 350
1 275 391
1 254 631
1 208 433
1 475 663
1 307 422
1 236 897
1 246 185
1 248 971
1 381 373
1 305 148
1 272 075
1 293 245
1 292 974
1 298 034
1 299 156
1 318 313
1 319 696
1 329 254
1 382 165
1 444 764
1 365 132
1 373 809
1 369 821
1 354 272
1 336 918
1 410 278
1 369 471
1 318 693
1 606 702
1 851 329
1 596 142
1 688 479
1 394 248
1 409 426
1 442 209
1 386 903
1 471 645
1 749 064
1 833 505
1 862 501
1 606 833
1 623 746
1 650 346
1 924 358
1 879 513
1 558 621
1 553 802
1 667 679
1 583 829
1 541 057
1 615 409
1 494 148
1 589 500
1 636 319
1 608 726
1 519 196
1 628 284
1 801 363
1 601 222
1 555 736
1 646 538
1 558 431
1 849 025
1 714 188
1 698 067
1 718 647
1 689 580
1 784 621
1 708 657
1 714 979
1 934 026
2 082 119
2 024 689
1 773 330
1 764 413
1 864 484
1 986 938
1 770 255
1 877 599
1 801 715
2 045 950
1 802 336
1 856 399
2 034 558
1 832 262
1 773 771
2 750 633
2 245 611
3 041 488
2 746 055
2 068 733
2 536 435
2 070 297
1 931 011
2 081 708
1 925 761
2 051 721
1 981 437
2 022 596
2 116 514
2 026 934
1 842 472
2 001 024
1 926 102
1 974 694
1 996 786
2 165 608
2 161 460
2 029 538
1 898 899
1 962 531
2 047 543
2 064 455
2 045 679
2 067 651
2 175 637
2 273 423
2 069 424
2 274 316
2 089 393
2 122 947
2 149 317
2 260 279
2 162 642
2 126 212
2 131 402
2 162 613
2 088 180
2 180 927
2 471 191
2 206 075
2 174 925
2 157 602
2 114 280
2 183 883
2 209 772
2 158 754
2 223 778
2 203 530
2 163 524
2 223 558
2 270 658
2 184 554
2 182 350
2 146 050
2 172 982
2 174 284
2 502 250
2 401 127
2 303 260
2 354 047
2 472 543
2 387 962
2 351 713
2 824 635
2 443 318
2 363 074
2 695 137
2 444 459
2 264 456
2 294 023
2 515 225
2 465 048
2 550 752
2 748 750
2 446 122
2 435 803
2 554 399
2 586 711
2 608 973
2 577 443
2 641 916
2 507 781
2 359 738
2 489 906
2 739 452
2 870 973
2 672 614
2 592 382
2 437 958
2 880 231
2 565 961
2 788 235
2 548 929
2 677 554
2 566 562
2 604 394
2 688 545
2 656 053
2 584 737
2 543 428
2 531 766
2 557 114
2 712 300
2 576 251
2 701 750
3 108 825
2 733 711
2 709 585
2 793 524
2 685 909
2 775 151
2 774 790
2 570 630
2 621 196
2 617 749
2 601 750
2 772 565
2 862 447
2 622 208
2 910 097
2 662 836
2 970 913
2 891 522
3 035 626
2 821 809
3 045 525
2 767 245
2 827 240
2 813 152
2 754 330
3 236 770
2 993 225
2 877 485
2 914 225
3 141 207
3 103 897
3 313 767
2 769 258
2 748 790
3 927 917
2 947 418
2 948 130
2 853 058
2 795 829
3 214 206
3 013 184
2 895 910
2 924 956
2 958 791
2 997 153
3 007 022
3 069 260
3 129 786
3 033 522
3 084 390
3 107 043
4 042 125
3 085 201
3 297 957
3 233 002
3 232 963
3 088 457
3 236 880
3 085 862
3 270 334
3 166 776
3 107 424
3 223 945
3 142 129
3 299 950
3 178 138
3 243 693
3 263 430
3 335 118
3 246 358
3 591 345
3 706 565
3 263 450
3 333 905
3 362 840
3 324 407
3 304 639
3 256 256
3 591 316
3 535 519
3 333 344
3 319 588
3 858 906
3 312 725
3 492 358
3 337 541
3 442 732
3 215 749
3 223 565
3 419 438
3 223 835
3 193 607
3 201 473
3 426 912
3 752 653
3 333 664
3 248 152
3 421 432
3 261 266
3 692 218
3 476 447
3 315 500
3 633 586
3 590 043
3 487 097
3 431 751
3 516 854
4 288 946
3 567 741
3 465 505
3 518 266
3 457 190
3 508 598
3 438 865
3 730 491
3 711 625
3 788 632
3 565 537
3 881 008
3 789 393
3 621 223
3 630 130
3 940 000
3 637 153
3 620 311
3 648 504
3 835 080
3 838 927
3 716 735
3 625 741
3 827 576
3 866 711
4 277 233
3 789 734
3 762 262
3 628 516
3 622 805
3 671 719
3 946 162
3 581 187
4 037 506
3 711 956
3 524 017
4 196 749
3 526 101
3 834 138
92 276
49 143
52 951
63 000
69 382
76 426
85 313
91 274
101 012
106 312
116 923
130 589
152 140
339 226
152 851
158 412
189 552
252 021
197 446
207 465
210 912
226 562
277 780
264 895
274 573
289 232
292 667
295 793
249 355
269 684
265 727
273 181
278 922
416 023
298 919
316 764
408 138
417 095
359 335
347 693
395 875
408 919
450 108
477 791
466 639
475 005
484 904
492 669
404 932
445 820
420 902
452 363
431 753
438 716
447 553
456 139
463 534
474 695
489 974
500 243
532 956
502 939
507 227
518 278
521 574
528 929
552 073
543 886
555 429
607 648
621 104
638 046
620 543
646 071
596 337
601 597
735 021
624 841
683 072
632 195
637 976
660 499
654 948
770 599
736 704
709 542
684 044
705 715
838 088
714 623
756 843
750 711
757 194
739 099
770 649
782 692
718 649
720 423
855 301
793 472
789 865
796 589
817 538
905 936
898 323
826 395
834 551
845 993
997 191
1 004 756
875 709
877 864
896 820
885 528
932 949
904 364
954 519
915 315
1 007 100
935 373
943 018
978 936
972 373
966 553
964 008
1 044 240
1 151 104
1 074 528
1 037 959
1 041 425
1 078 275
1 041 075
1 033 831
1 035 193
1 368 348
1 026 526
992 963
1 002 661
1 011 157
1 228 692
1 160 261
1 121 147
1 500 431
1 370 112
1 270 001
1 124 544
1 424 165
1 193 795
1 163 437
1 175 331
1 128 742
1 115 837
1 167 816
1 118 221
1 128 471
1 177 364
1 149 491
1 151 334
1 227 590
1 259 551
1 214 034
1 191 311
1 546 037
1 654 233
1 378 498
1 316 579
1 761 217
2 379 536
1 228 241
1 232 780
1 231 077
1 735 228
1 349 733
1 338 171
1 555 084
1 384 569
1 464 252
1 404 737
1 386 964
1 440 606
1 430 597
1 537 902
1 767 469
2 061 860
1 400 870
1 359 561
1 357 457
1 537 050
1 466 165
1 513 084
1 804 880
1 749 916
1 855 738
1 511 922
2 171 710
2 140 661
1 900 523
1 753 733
1 852 261
2 434 110
2 021 534
2 343 377
2 031 312
2 036 672
2 080 877
6 654 174
5 366 520
3 518 426
3 615 903
2 660 171
2 339 970
2 142 874
2 763 498
2 867 586
2 259 477
2 398 532
2 682 524
2 520 485
2 151 381
2 431 535
2 252 293
2 285 696
2 622 158
1 972 660
1 926 783
1 963 293
1 966 759
2 536 615
2 398 983
3 704 682
2 505 376
1 819 017
1 861 789
2 241 664
1 919 108
1 802 165
1 920 190
1 936 822
1 837 974
1 717 002
1 993 109
2 025 180
1 941 110
2 168 864
2 005 984
2 019 049
1 851 590
1 990 595
1 902 487
1 918 056
1 962 180
2 156 841
2 674 017
3 367 468
3 249 113
2 958 199
3 535 649
3 156 256
3 847 383
3 236 389
2 327 857
2 256 020
2 035 089
2 012 646
2 071 088
2 030 020
2 054 286
2 041 331
2 143 386
2 059 095
2 172 210
4 968 200
4 147 095
2 164 505
2 099 582
2 228 538
2 157 763
1 994 362
2 662 165
2 139 989
2 174 505
2 169 706
2 180 517
2 171 068
2 346 974
2 244 628
2 272 963
2 123 789
2 070 588
2 282 461
2 363 124
2 263 204
2 244 328
2 276 019
2 252 303
2 543 468
2 522 258
2 200 354
2 219 882
2 317 067
2 336 543
2 306 466
2 275 959
2 174 435
2 957 107
2 458 517
2 344 049
2 325 373
2 689 566
2 441 675
2 641 145
2 693 594
2 239 188
2 841 186
2 571 311
2 792 313
2 446 854
2 444 029
2 464 638
2 439 099
2 462 554
2 620 064
2 837 278
3 055 684
2 522 418
3 891 157
2 668 918
2 658 387
2 539 871
2 477 533
2 594 084
2 661 433
2 791 181
2 895 409
2 647 657
2 641 695
2 573 806
2 411 557
2 444 861
2 648 529
2 620 515
2 643 118
2 951 817
2 625 164
2 779 448
3 543 093
2 857 667
2 614 394
3 124 115
3 169 091
2 807 010
2 732 599
3 401 453
2 648 148
2 702 671
2 954 342
2 714 915
2 568 977
2 559 479
2 578 374
2 703 443
2 815 217
2 745 053
2 792 633
2 796 391
2 653 578
2 699 927
2 709 424
2 892 333
2 849 862
2 825 216
2 832 219
2 977 195
2 814 675
2 856 284
2 717 139
2 826 428
2 902 984
3 150 355
2 854 541
2 730 935
2 744 902
3 329 216
3 889 284
2 920 197
2 856 365
2 773 105
2 799 937
2 785 379
2 787 353
2 905 518
2 951 867
2 899 266
2 847 247
2 828 672
3 030 927
3 175 012
3 027 450
2 846 175
2 911 740
2 937 259
3 438 114
2 889 568
2 940 465
2 925 296
2 959 582
3 074 721
3 242 921
3 085 912
3 084 931
3 255 546
3 103 756
3 108 946
3 184 030
2 957 367
3 359 404
3 263 651
3 175 824
3 024 034
2 991 142
3 562 260
3 240 567
3 224 236
3 225 528
3 310 250
3 661 700
3 267 018
3 186 193
3 128 293
3 272 197
3 157 298
3 113 004
3 102 314
3 110 889
3 111 221
3 440 068
3 350 998
3 115 719
3 274 031
3 187 035
3 199 117
3 303 036
3 401 674
3 186 283
3 199 038
3 369 723
3 788 061
3 458 382
3 217 443
3 289 992
3 492 598
3 373 410
3 250 706
3 290 602
3 343 012
3 487 698
3 400 121
3 713 067
3 621 253
3 444 195
3 513 387
3 505 021
3 327 072
3 755 629
3 594 161
4 074 346
3 521 753
3 987 120
3 749 988
3 724 420
3 512 134
3 581 588
3 414 428
3 800 014
3 650 989
3 687 018
3 487 598
3 744 979
3 423 866
3 725 591
3 653 474
3 943 967
3 695 133
4 478 387
5 983 465
6 171 163
5 311 094
4 892 896
4 732 671
3 927 146
4 286 952
3 877 010
3 865 869
3 871 811
3 706 185
3 768 473
3 744 878
3 982 291
3 646 841
3 610 733
3 751 110
4 420 145
5 525 041
5 081 296
5 212 446
5 612 679
4 886 525
6 855 868
8 551 611
16 731 743
3 739 118
4 184 567
4 074 356
4 058 997
3 967 873
4 179 487
3 903 581
3 791 136
6 066 514
5 554 538
4 168 966
3 904 373
4 215 926
4 106 137
4 143 158
6 805 141
4 721 109
4 466 334
8 137 713
4 163 336
3 864 186
3 805 925
3 868 383
8 268 791
5 310 172
5 842 537
5 169 664
8 151 448
9 174 778
4 225 253
4 309 344
5 429 449
4 000 917
3 898 742
5 931 837
11 207 874
6 561 097
4 575 441
4 232 378
5 678 043
5 834 783
6 387 455
6 418 224
7 827 700
6 411 271
7 130 312
6 329 836
4 848 592
4 247 306
4 127 377
4 052 946
4 079 556
4 958 231
4 709 467
4 228 721
4 234 873
4 352 857
4 664 942
4 645 064
4 460 602
4 510 748
4 685 511
4 964 223
4 207 901
5 234 047
4 408 553
4 623 784
4 513 614
4 981 135
4 610 178
4 594 467
4 576 023
5 247 462
5 972 915
5 876 161
5 777 564
5 898 003
6 454 373
6 080 470
5 509 712
5 788 444
6 977 289
5 804 865
5 825 494
4 849 835
4 858 110
4 492 273
4 387 132
4 834 085
4 411 409
4 741 838
4 427 119
4 653 350
4 465 162
4 848 902
4 580 101
4 666 475
4 707 704
4 574 850
4 724 375
4 506 620
4 953 892
4 705 500
4 449 442
5 112 264
5 270 496
4 732 280
4 933 754
5 259 706
4 738 553
4 653 250
4 949 144
4 847 329
5 560 830
4 769 862
5 187 799
4 983 599
4 571 965
5 265 486
5 312 636
5 005 211
4 751 928
5 581 840
4 878 359
4 736 208
4 979 201
5 010 942
4 796 102
4 941 199
5 700 115
5 020 149
4 792 986
5 456 321
4 916 031
4 714 166
5 260 507
4 812 814
4 748 000
4 978 029
5 497 238
4 914 247
5 441 782
5 186 736
4 845 687
4 899 148
5 477 841
5 089 562
4 973 430
5 187 588
5 363 344
5 012 465
5 581 679
5 142 713
5 045 858
4 791 233
5 295 744
5 061 327
5 760 761
5 055 967
5 454 798
5 267 301
5 553 115
5 485 476
5 621 405
4 891 124
5 019 437
4 887 185
5 176 978
5 279 965
5 045 357
4 852 850
4 931 570
5 534 359
5 761 884
5 367 241
5 396 927
5 899 385
4 958 872
5 423 498
5 882 613
5 567 022
4 996 123
4 960 475
5 224 538
5 297 898
5 228 216
5 158 474
5 521 845
5 291 296
5 090 393
5 963 096
5 321 013
5 403 230
5 252 452
5 436 152
5 676 981
5 637 286
5 645 421
5 713 872
5 214 019
6 626 261
5 350 959
5 348 635
5 542 064
6 003 464
5 563 415
5 911 027
5 308 769
5 262 090
5 561 451
5 479 535
5 857 305
5 741 314
5 787 853
6 389 029
5 465 618
5 542 385
5 881 171
5 298 650
5 483 161
6 129 353
5 545 000
5 370 096
6 189 728
5 824 292
5 668 314
5 807 710
5 247 603
5 411 305
5 491 969
5 517 307
5 324 600
6 080 811
5 612 217
5 891 430
5 906 709
5 354 497
5 382 179
6 312 513
5 778 905
5 399 001
5 775 539
5 903 664
5 784 646
5 547 745
5 529 430
5 502 158
5 802 140
5 637 425
5 990 318
5 576 510
5 740 622
6 138 050
5 797 962
5 920 435
5 876 271
5 896 029
6 140 845
6 101 520
5 821 246
5 742 566
5 865 731
5 958 608
5 865 891
5 935 754
5 992 593
6 301 903
6 403 987
5 944 090
5 986 471
7 291 910
7 498 132
6 409 106
5 718 961
6 027 890
6 638 093
5 908 392
5 948 399
6 217 211
5 901 970
7 705 007
6 266 965
6 100 308
6 592 676
6 176 954
6 008 152
6 333 913
6 081 583
6 226 579
6 002 702
6 225 327
7 066 680
6 686 114
6 399 458
6 766 378
6 126 268
6 598 798
6 341 989
6 225 597
7 399 445
5 958 067
6 192 734
6 475 062
6 009 715
6 152 938
6 166 434
6 155 613
9 303 333
10 531 445
10 821 156
20 280 768
10 605 876
20 421 176
28 774 208
17 550 674
9 019 593
6 387 926
6 405 080
6 799 601
6 291 353
5 918 441
6 723 015
6 046 706
6 477 387
6 115 567
6 185 500
6 660 466
7 573 446
6 407 133
6 540 377
6 191 943
6 664 072
6 493 397
6 284 409
6 610 420
6 212 302
6 621 872
6 318 635
6 137 589
6 875 064
6 317 322
6 233 281
6 773 892
8 615 342
6 942 073
6 467 718
6 528 565
6 700 572
6 585 413
7 049 688
6 504 439
6 753 604
6 517 423
6 748 734
7 267 373
6 725 840
6 814 649
6 996 436
6 472 809
8 815 885
13 189 871
16 999 834
9 263 828
8 112 744
7 776 293
8 294 441
7 811 159
7 461 553
7 211 536
7 248 747
7 986 183
7 815 318
7 871 966
8 712 257
8 669 646
7 826 118
12 287 813
8 294 030
8 167 639
8 217 594
7 920 568
8 750 330
9 484 670
9 707 444
9 803 817
8 961 021
9 706 612
9 233 069
10 399 082
8 680 797
10 158 924
10 098 379
10 288 120
10 082 499
9 189 136
9 992 277
9 628 153
10 123 276
10 950 443
9 756 297
9 202 621
9 481 223
9 525 697
9 277 775
8 903 311
10 306 155
9 423 943
9 004 513
9 481 754
10 250 890
9 345 744
8 954 859
9 797 465
8 228 024
9 195 538
9 253 188
9 243 189
7 951 857
9 200 227
8 200 942
7 252 264
9 227 569
8 716 424
8 549 316
8 248 262
6 809 460
6 904 641
6 798 108
7 306 858
6 901 635
8 104 809
7 031 613
7 397 661
7 218 940
7 382 252
7 637 037
8 615 693
8 639 698
7 755 262
8 091 574
7 581 812
7 251 682
7 399 504
7 019 400
7 876 755
6 924 339
8 189 049
7 911 130
7 914 987
8 291 244
7 611 448
8 031 319
7 576 061
8 649 928
8 066 345
8 682 780
13 930 734
21 070 353
25 589 798
16 827 005
9 683 658
25 479 538
24 997 077
20 512 840
10 072 490
7 996 152
9 543 511
8 184 771
8 016 039
7 882 636
8 132 622
7 032 064
7 089 794
8 078 469
7 376 951
8 070 944
7 264 547
8 158 682
8 125 718
7 676 693
7 181 459
7 237 606
7 902 683
7 373 545
7 862 537
7 516 838
7 859 141
7 763 799
7 777 355
7 550 202
8 770 978
8 875 659
9 209 505
8 695 064
8 265 495
9 174 197
8 103 537
8 055 114
7 923 103
7 712 100
8 269 743
8 296 825
8 593 240
9 307 892
7 986 864
8 047 119
7 810 628
8 771 710
8 401 745
8 292 126
8 161 487
8 026 740
8 168 260
8 044 434
8 121 561
8 190 612
8 359 935
8 210 781
7 859 271
8 003 957
7 649 290
8 254 815
7 680 049
8 403 208
7 886 844
7 471 682
7 944 032
8 103 176
7 912 372
7 613 192
8 855 290
7 561 283
8 260 135
7 881 703
8 432 704
7 830 827
7 974 661
8 238 043
8 543 244
8 021 560
8 670 828
8 540 920
8 483 851
7 696 881
8 776 839
7 822 571
7 929 344
8 358 492
8 037 580
8 811 116
8 393 399
8 461 519
8 363 763
8 408 157
8 375 335
8 971 771
9 420 437
8 123 104
8 168 050
7 686 462
7 612 150
7 683 345
8 342 322
8 007 513
8 292 627
8 343 173
8 252 420
7 912 061
8 168 841
8 733 077
8 149 103
8 384 632
8 277 168
7 917 592
8 305 681
8 178 048
8 845 000
7 855 704
8 657 411
8 173 220
9 334 994
8 241 490
10 066 699
8 141 158
8 306 212
7 877 917
8 278 129
7 890 541
8 487 999
8 538 576
8 268 130
7 902 313
8 817 467
8 390 413
8 975 038
8 961 061
8 695 044
8 520 591
8 506 044
8 124 196
9 095 778
8 987 391
8 399 892
8 465 395
8 505 082
8 627 616
8 588 110
8 472 861
8 091 354
8 156 327
8 081 324
9 378 076
9 085 098
8 934 551
8 692 119
8 604 271
8 336 881
8 347 411
8 124 446
11 146 857
9 615 870
8 796 808
8 759 257
8 642 644
9 037 116
9 007 780
8 734 830
8 206 091
8 280 174
8 484 102
8 408 528
10 186 668
9 189 607
9 401 671
9 165 050
9 460 273
9 348 620
9 308 413
10 042 793
10 063 352
8 869 586
9 335 274
8 769 095
10 264 656
18 422 766
16 283 047
16 492 567
23 439 720
28 136 613
11 669 083
10 372 220
8 776 569
8 590 094
9 222 800
8 783 332
9 135 173
8 894 014
9 314 215
8 754 727
8 735 501
8 949 019
9 004 143
8 711 035
8 953 596
8 661 059
8 978 675
8 522 274
9 027 357
9 538 672
9 226 307
9 098 253
10 522 828
9 028 820
8 627 205
9 128 470
9 058 417
9 137 928
9 304 736
8 839 459
8 680 146
9 313 333
8 929 251
9 493 897
9 117 409
8 989 005
8 991 429
8 953 787
8 748 786
9 067 163
8 969 026
9 037 757
9 016 717
8 997 630
9 425 797
9 064 839
9 055 972
8 891 017
9 467 928
9 094 946
9 416 059
9 260 292
9 178 906
9 185 759
8 773 874
9 262 335
9 050 151
9 303 674
8 811 887
9 278 276
8 736 493
9 457 146
9 338 480
9 747 620
8 780 727
9 546 206
11 004 877
9 773 690
9 510 799
8 901 738
9 516 119
9 182 514
9 702 594
9 586 834
9 494 828
8 968 696
9 944 095
8 860 599
9 557 378
9 396 250
9 035 312
9 565 974
9 083 494
9 480 702
9 398 014
9 460 243
9 094 034
9 712 233
9 340 114
